<?xml version="1.0" encoding="UTF-8"?>
<!-- Generated by org.testng.reporters.JUnitReportReporter -->
<testsuite hostname="Shrutis-MBP" name="com.test.PortalPageTest" tests="3" failures="0" timestamp="5 Feb 2016 06:57:01 GMT" time="0.827" errors="0">
  <testcase name="testTopPageLinks" time="0.429" classname="com.test.PortalPageTest"/>
  <testcase name="testHeaferList" time="0.134" classname="com.test.PortalPageTest"/>
  <testcase name="testFooterLinks" time="0.264" classname="com.test.PortalPageTest"/>
</testsuite> <!-- com.test.PortalPageTest -->
